Node function:
y401 = a'
z401 = h'
a402 = i z401 g
b402 = g'
c402 = b402 b d
d402 = a402 + c402
e402 = e'
f402 = d402 e402 c
g402 = e402 i
h402 = b402 e
i402 = g402 + h402
j402 = f'
k402 = i402 j402 c
l402 = i'
m402 = c'
n402 = e m402 d
o402 = b'
p402 = o402 g
q402 = e402 c
r402 = b402 d
s402 = p402 + q402 + r402
t402 = s402 f
u402 = d'
v402 = g u402 c
w402 = n402 + t402 + v402
x402 = l402 w402
y402 = o402 m402 g i
z402 = k402 + x402 + y402
a403 = z402 h
b403 = l402 c
c403 = m402 e
d403 = b403 + c403
e403 = f d z401 d403
f403 = f402 + a403 + e403
g403 = y401 f403
h403 = e402 d
i403 = u402 e
j403 = h403 + i403
k403 = z401 g
l403 = b402 h
m403 = k403 + l403
n403 = j403 j402 m403
o403 = u402 a
p403 = y401 d
q403 = o403 + p403
r403 = q403 m402 b402
s403 = m403 y401 o402
t403 = u402 c e402 z401
u403 = r403 + s403 + t403
v403 = u403 f
w403 = j402 e
x403 = e402 d
y403 = w403 + x403
z403 = y403 c
a404 = u402 c
b404 = m402 d
c404 = a404 + b404
d404 = c404 b
e404 = f y401 e
f404 = z403 + d404 + e404
g404 = f404 b402 z401
h404 = n403 + v403 + g404
i404 = h404 i
j404 = z401 i
k404 = b402 h
l404 = j404 + k404
m404 = l404 o402 a
n404 = m403 l402 b
o404 = b402 f
p404 = j402 b
q404 = z401 g
r404 = o404 + p404 + q404
s404 = r404 y401 e
t404 = m404 + n404 + s404
u404 = t404 c
v404 = e402 c
w404 = m402 b
x404 = v404 + w404
y404 = x404 l402 f
z404 = y401 h
a405 = e402 a
b405 = z404 + a405
c405 = b405 o402 c
d405 = m402 b z401 e
e405 = y404 + c405 + d405
f405 = e405 g
g405 = b402 e402 b
h405 = g o402 m402
i405 = g405 + h405
j405 = h i405 a
k405 = u404 + f405 + j405
l405 = u402 k405
m405 = e402 c q403 f
n405 = m403 + j403
o405 = n405 m402 i
p405 = m403 y403
q405 = f d b402 z401
r405 = o405 + p405 + q405
s405 = r405 a
t405 = y401 i
u405 = m402 a
v405 = l402 c
w405 = t405 + u405 + v405
x405 = e d j402 w405
y405 = m405 + s405 + x405
z405 = o402 y405
a406 = b405 u402 i
b406 = l404 e402 f
c406 = e402 g
d406 = j402 d
e406 = b402 e
f406 = c406 + d406 + e406
g406 = f406 l402 h
h406 = a406 + b406 + g406
i406 = m402 h406
j406 = z401 g
k406 = b402 e
l406 = j406 + k406
m406 = l406 m402 i
n406 = z401 c
o406 = m402 g
p406 = n406 + o406
q406 = p406 y401 d
r406 = u402 a e402 g
s406 = m406 + q406 + r406
t406 = j402 s406
u406 = y401 e402 c404 f
v406 = i406 + t406 + u406
w406 = v406 b
x406 = o402 h
y406 = j402 c
z406 = z401 f
a407 = x406 + y406 + z406
b407 = e402 d a407 g
c407 = z401 b a
d407 = h j402 d
e407 = c407 + d407
f407 = e407 b402 c
g407 = e402 h
h407 = u402 e
i407 = g407 + h407
j407 = o402 i407
k407 = j407 + i405
l407 = f k407 a
m407 = j402 d
n407 = m402 f
o407 = m407 + n407
p407 = o407 z401 b
q407 = m403 o402 f
r407 = u402 h
s407 = y401 d
t407 = r407 + s407
u407 = t407 j402 g
v407 = p407 + q407 + u407
w407 = v407 e
x407 = b407 + f407 + l407 + w407
y407 = l402 x407
z407 = m402 b
a408 = o402 c
b408 = z407 + a408
c408 = j402 a j403 b408
j = g403 + i404 + l405 + z405 + w406 + y407 + c408
END
